[32m[I 2021-04-08 22:52:36,239][0m Trial 18 finished with value: 0.4514992516386974 and parameters: {'num_leaves': 91, 'min_child_samples': 198, 'subsample': 0.9903565868432715, 'subsample_freq': 97}. Best is trial 0 with value: 0.4543299370151558.[0m
[32m[I 2021-04-08 22:53:01,180][0m Trial 19 finished with value: 0.45384988106587265 and parameters: {'num_leaves': 49, 'min_child_samples': 167, 'subsample': 0.9902431408306236, 'subsample_freq': 100}. Best is trial 0 with value: 0.4543299370151558.[0m
[32m[I 2021-04-08 22:53:25,447][0m Trial 20 finished with value: 0.4546753027840949 and parameters: {'num_leaves': 41, 'min_child_samples': 162, 'subsample': 0.9281865399069393, 'subsample_freq': 99}. Best is trial 20 with value: 0.4546753027840949.[0m
[32m[I 2021-04-08 22:53:49,034][0m Trial 21 finished with value: 0.4526390632744902 and parameters: {'num_leaves': 42, 'min_child_samples': 162, 'subsample': 0.9250434844589244, 'subsample_freq': 91}. Best is trial 20 with value: 0.4546753027840949.[0m
[32m[I 2021-04-08 22:54:07,208][0m Trial 22 finished with value: 0.42753021481482845 and parameters: {'num_leaves': 6, 'min_child_samples': 175, 'subsample': 0.7955253225218688, 'subsample_freq': 83}. Best is trial 20 with value: 0.4546753027840949.[0m
[32m[I 2021-04-08 22:54:31,806][0m Trial 23 finished with value: 0.45365694457022004 and parameters: {'num_leaves': 48, 'min_child_samples': 148, 'subsample': 0.9965699293634254, 'subsample_freq': 99}. Best is trial 20 with value: 0.4546753027840949.[0m
[32m[I 2021-04-08 22:54:54,728][0m Trial 24 finished with value: 0.4481941609642748 and parameters: {'num_leaves': 70, 'min_child_samples': 117, 'subsample': 0.9267553398801673, 'subsample_freq': 100}. Best is trial 20 with value: 0.4546753027840949.[0m
[32m[I 2021-04-08 22:55:15,732][0m Trial 25 finished with value: 0.4465508615604173 and parameters: {'num_leaves': 14, 'min_child_samples': 155, 'subsample': 0.9464007462859723, 'subsample_freq': 92}. Best is trial 20 with value: 0.4546753027840949.[0m
[32m[I 2021-04-08 22:55:37,821][0m Trial 26 finished with value: 0.44858909877797687 and parameters: {'num_leaves': 59, 'min_child_samples': 181, 'subsample': 0.8159325830501607, 'subsample_freq': 79}. Best is trial 20 with value: 0.4546753027840949.[0m
[32m[I 2021-04-08 22:56:00,787][0m Trial 27 finished with value: 0.44940298900493225 and parameters: {'num_leaves': 93, 'min_child_samples': 130, 'subsample': 0.8937259626778272, 'subsample_freq': 93}. Best is trial 20 with value: 0.4546753027840949.[0m
[32m[I 2021-04-08 22:56:19,646][0m Trial 28 finished with value: 0.4430437311014617 and parameters: {'num_leaves': 30, 'min_child_samples': 164, 'subsample': 0.6724531456614353, 'subsample_freq': 71}. Best is trial 20 with value: 0.4546753027840949.[0m
[32m[I 2021-04-08 22:56:40,214][0m Trial 29 finished with value: 0.4470669344151089 and parameters: {'num_leaves': 52, 'min_child_samples': 191, 'subsample': 0.7701081349282339, 'subsample_freq': 13}. Best is trial 20 with value: 0.4546753027840949.[0m
[32m[I 2021-04-08 22:57:04,472][0m Trial 30 finished with value: 0.45303878547175785 and parameters: {'num_leaves': 149, 'min_child_samples': 133, 'subsample': 0.9962640800688441, 'subsample_freq': 100}. Best is trial 20 with value: 0.4546753027840949.[0m
[32m[I 2021-04-08 22:57:28,497][0m Trial 31 finished with value: 0.45356004764665325 and parameters: {'num_leaves': 45, 'min_child_samples': 151, 'subsample': 0.9948823101698946, 'subsample_freq': 100}. Best is trial 20 with value: 0.4546753027840949.[0m
[32m[I 2021-04-08 22:57:51,549][0m Trial 32 finished with value: 0.4511671093608228 and parameters: {'num_leaves': 79, 'min_child_samples': 149, 'subsample': 0.9055055924225672, 'subsample_freq': 86}. Best is trial 20 with value: 0.4546753027840949.[0m
[32m[I 2021-04-08 22:58:17,076][0m Trial 33 finished with value: 0.4548266539952956 and parameters: {'num_leaves': 36, 'min_child_samples': 174, 'subsample': 0.9479972751389759, 'subsample_freq': 95}. Best is trial 33 with value: 0.4548266539952956.[0m
[32m[I 2021-04-08 22:58:38,362][0m Trial 34 finished with value: 0.4506330649788596 and parameters: {'num_leaves': 25, 'min_child_samples': 176, 'subsample': 0.8625931935211952, 'subsample_freq': 50}. Best is trial 33 with value: 0.4548266539952956.[0m
[32m[I 2021-04-08 22:58:56,944][0m Trial 35 finished with value: 0.3760491966680809 and parameters: {'num_leaves': 2, 'min_child_samples': 167, 'subsample': 0.9343342992462743, 'subsample_freq': 79}. Best is trial 33 with value: 0.4548266539952956.[0m
[32m[I 2021-04-08 22:59:17,907][0m Trial 36 finished with value: 0.44663453629623967 and parameters: {'num_leaves': 71, 'min_child_samples': 185, 'subsample': 0.8200680667438299, 'subsample_freq': 57}. Best is trial 33 with value: 0.4548266539952956.[0m
[32m[I 2021-04-08 22:59:40,457][0m Trial 37 finished with value: 0.44885933449785054 and parameters: {'num_leaves': 41, 'min_child_samples': 200, 'subsample': 0.8899281126233085, 'subsample_freq': 89}. Best is trial 33 with value: 0.4548266539952956.[0m
[32m[I 2021-04-08 23:00:01,222][0m Trial 38 finished with value: 0.4474197790683605 and parameters: {'num_leaves': 59, 'min_child_samples': 44, 'subsample': 0.7389191203728198, 'subsample_freq': 96}. Best is trial 33 with value: 0.4548266539952956.[0m
[32m[I 2021-04-08 23:00:19,954][0m Trial 39 finished with value: 0.4385090375290064 and parameters: {'num_leaves': 17, 'min_child_samples': 125, 'subsample': 0.5511775514593487, 'subsample_freq': 82}. Best is trial 33 with value: 0.4548266539952956.[0m
[32m[I 2021-04-08 23:00:43,827][0m Trial 40 finished with value: 0.4506049052923182 and parameters: {'num_leaves': 82, 'min_child_samples': 110, 'subsample': 0.9541276808564295, 'subsample_freq': 71}. Best is trial 33 with value: 0.4548266539952956.[0m
[32m[I 2021-04-08 23:01:06,985][0m Trial 41 finished with value: 0.45389913963183337 and parameters: {'num_leaves': 36, 'min_child_samples': 143, 'subsample': 0.964383487548323, 'subsample_freq': 96}. Best is trial 33 with value: 0.4548266539952956.[0m
[32m[I 2021-04-08 23:01:31,213][0m Trial 42 finished with value: 0.45418040332049847 and parameters: {'num_leaves': 33, 'min_child_samples': 157, 'subsample': 0.9569811375267057, 'subsample_freq': 94}. Best is trial 33 with value: 0.4548266539952956.[0m
[32m[I 2021-04-08 23:01:50,243][0m Trial 43 finished with value: 0.4416114236745988 and parameters: {'num_leaves': 11, 'min_child_samples': 137, 'subsample': 0.8888451971547876, 'subsample_freq': 86}. Best is trial 33 with value: 0.4548266539952956.[0m
[32m[I 2021-04-08 23:02:14,454][0m Trial 44 finished with value: 0.45398377304540033 and parameters: {'num_leaves': 35, 'min_child_samples': 157, 'subsample': 0.9511635341595663, 'subsample_freq': 93}. Best is trial 33 with value: 0.4548266539952956.[0m
[32m[I 2021-04-08 23:02:36,585][0m Trial 45 finished with value: 0.45472215486620726 and parameters: {'num_leaves': 25, 'min_child_samples': 157, 'subsample': 0.925799330404061, 'subsample_freq': 74}. Best is trial 33 with value: 0.4548266539952956.[0m
[32m[I 2021-04-08 23:02:57,206][0m Trial 46 finished with value: 0.44591316000626635 and parameters: {'num_leaves': 23, 'min_child_samples': 179, 'subsample': 0.8278552815971779, 'subsample_freq': 57}. Best is trial 33 with value: 0.4548266539952956.[0m
[32m[I 2021-04-08 23:03:18,729][0m Trial 47 finished with value: 0.44872005168996465 and parameters: {'num_leaves': 60, 'min_child_samples': 90, 'subsample': 0.8597152664972467, 'subsample_freq': 44}. Best is trial 33 with value: 0.4548266539952956.[0m
[32m[I 2021-04-08 23:03:37,695][0m Trial 48 finished with value: 0.4430534757078492 and parameters: {'num_leaves': 16, 'min_child_samples': 158, 'subsample': 0.779956102205205, 'subsample_freq': 75}. Best is trial 33 with value: 0.4548266539952956.[0m
[32m[I 2021-04-08 23:03:59,651][0m Trial 49 finished with value: 0.44981098394671815 and parameters: {'num_leaves': 100, 'min_child_samples': 187, 'subsample': 0.9134892143762416, 'subsample_freq': 63}. Best is trial 33 with value: 0.4548266539952956.[0m
[32m[I 2021-04-08 23:04:12,493][0m A new study created in memory with name: no-name-2b03c752-3412-44d6-90a5-e283a7b28092[0m
[32m[I 2021-04-08 23:04:27,286][0m Trial 0 finished with value: 0.3970619959519267 and parameters: {'num_leaves': 23, 'min_child_samples': 172, 'subsample': 0.24975868377513255, 'subsample_freq': 62}. Best is trial 0 with value: 0.3970619959519267.[0m
[32m[I 2021-04-08 23:04:45,181][0m Trial 1 finished with value: 0.4318448830513127 and parameters: {'num_leaves': 28, 'min_child_samples': 160, 'subsample': 0.47578060544102857, 'subsample_freq': 76}. Best is trial 1 with value: 0.4318448830513127.[0m
[32m[I 2021-04-08 23:04:58,235][0m Trial 2 finished with value: 0.295989462913618 and parameters: {'num_leaves': 2, 'min_child_samples': 169, 'subsample': 0.20692195877908956, 'subsample_freq': 26}. Best is trial 1 with value: 0.4318448830513127.[0m
[32m[I 2021-04-08 23:05:16,224][0m Trial 3 finished with value: 0.4381682507531113 and parameters: {'num_leaves': 199, 'min_child_samples': 175, 'subsample': 0.6376176931049837, 'subsample_freq': 29}. Best is trial 3 with value: 0.4381682507531113.[0m
[32m[I 2021-04-08 23:05:34,519][0m Trial 4 finished with value: 0.44506893147879234 and parameters: {'num_leaves': 14, 'min_child_samples': 69, 'subsample': 0.796079389515489, 'subsample_freq': 6}. Best is trial 4 with value: 0.44506893147879234.[0m
[32m[I 2021-04-08 23:06:00,081][0m Trial 5 finished with value: 0.44744133190237206 and parameters: {'num_leaves': 55, 'min_child_samples': 78, 'subsample': 0.9290979815776901, 'subsample_freq': 91}. Best is trial 5 with value: 0.44744133190237206.[0m
[32m[I 2021-04-08 23:06:17,310][0m Trial 6 finished with value: 0.42302501563098077 and parameters: {'num_leaves': 8, 'min_child_samples': 111, 'subsample': 0.5880562985846326, 'subsample_freq': 66}. Best is trial 5 with value: 0.44744133190237206.[0m
[32m[I 2021-04-08 23:06:38,048][0m Trial 7 finished with value: 0.44529610905419775 and parameters: {'num_leaves': 205, 'min_child_samples': 148, 'subsample': 0.7133324534209866, 'subsample_freq': 59}. Best is trial 5 with value: 0.44744133190237206.[0m
[32m[I 2021-04-08 23:06:53,349][0m Trial 8 finished with value: 0.4171843097835791 and parameters: {'num_leaves': 247, 'min_child_samples': 132, 'subsample': 0.29501679098915407, 'subsample_freq': 19}. Best is trial 5 with value: 0.44744133190237206.[0m
[32m[I 2021-04-08 23:07:10,241][0m Trial 9 finished with value: 0.4233348772795168 and parameters: {'num_leaves': 120, 'min_child_samples': 131, 'subsample': 0.44174509141683366, 'subsample_freq': 32}. Best is trial 5 with value: 0.44744133190237206.[0m
[32m[I 2021-04-08 23:07:32,998][0m Trial 10 finished with value: 0.44242589283903316 and parameters: {'num_leaves': 89, 'min_child_samples': 16, 'subsample': 0.9900555996307321, 'subsample_freq': 96}. Best is trial 5 with value: 0.44744133190237206.[0m
[32m[I 2021-04-08 23:07:56,698][0m Trial 11 finished with value: 0.4437465286507026 and parameters: {'num_leaves': 186, 'min_child_samples': 60, 'subsample': 0.9290983154030413, 'subsample_freq': 99}. Best is trial 5 with value: 0.44744133190237206.[0m
[32m[I 2021-04-08 23:08:18,776][0m Trial 12 finished with value: 0.4449751149334332 and parameters: {'num_leaves': 69, 'min_child_samples': 73, 'subsample': 0.8269338621121489, 'subsample_freq': 81}. Best is trial 5 with value: 0.44744133190237206.[0m
[32m[I 2021-04-08 23:08:40,549][0m Trial 13 finished with value: 0.4305556440147516 and parameters: {'num_leaves': 180, 'min_child_samples': 36, 'subsample': 0.8374640548675972, 'subsample_freq': 47}. Best is trial 5 with value: 0.44744133190237206.[0m
[32m[I 2021-04-08 23:09:01,584][0m Trial 14 finished with value: 0.44540622941255303 and parameters: {'num_leaves': 254, 'min_child_samples': 92, 'subsample': 0.7165864958454129, 'subsample_freq': 48}. Best is trial 5 with value: 0.44744133190237206.[0m
[32m[I 2021-04-08 23:09:25,362][0m Trial 15 finished with value: 0.44976008942408907 and parameters: {'num_leaves': 252, 'min_child_samples': 90, 'subsample': 0.9682998357572481, 'subsample_freq': 44}. Best is trial 15 with value: 0.44976008942408907.[0m
[32m[I 2021-04-08 23:09:48,262][0m Trial 16 finished with value: 0.4528783069881772 and parameters: {'num_leaves': 64, 'min_child_samples': 96, 'subsample': 0.9918437879147556, 'subsample_freq': 42}. Best is trial 16 with value: 0.4528783069881772.[0m
[32m[I 2021-04-08 23:10:11,399][0m Trial 17 finished with value: 0.4508052535434593 and parameters: {'num_leaves': 139, 'min_child_samples': 108, 'subsample': 0.9821443276669367, 'subsample_freq': 40}. Best is trial 16 with value: 0.4528783069881772.[0m
[32m[I 2021-04-08 23:10:35,179][0m Trial 18 finished with value: 0.4536205988749561 and parameters: {'num_leaves': 146, 'min_child_samples': 116, 'subsample': 0.8783900686647322, 'subsample_freq': 3}. Best is trial 18 with value: 0.4536205988749561.[0m
[32m[I 2021-04-08 23:10:59,964][0m Trial 19 finished with value: 0.4514877146788193 and parameters: {'num_leaves': 145, 'min_child_samples': 197, 'subsample': 0.874907810098942, 'subsample_freq': 2}. Best is trial 18 with value: 0.4536205988749561.[0m
[32m[I 2021-04-08 23:11:22,492][0m Trial 20 finished with value: 0.44247667186196055 and parameters: {'num_leaves': 104, 'min_child_samples': 39, 'subsample': 0.7657163848141307, 'subsample_freq': 15}. Best is trial 18 with value: 0.4536205988749561.[0m
[32m[I 2021-04-08 23:11:47,386][0m Trial 21 finished with value: 0.45089500060278154 and parameters: {'num_leaves': 156, 'min_child_samples': 197, 'subsample': 0.864054470607525, 'subsample_freq': 4}. Best is trial 18 with value: 0.4536205988749561.[0m
[32m[I 2021-04-08 23:12:12,872][0m Trial 22 finished with value: 0.45548497208479644 and parameters: {'num_leaves': 149, 'min_child_samples': 199, 'subsample': 0.9021364397555864, 'subsample_freq': 2}. Best is trial 22 with value: 0.45548497208479644.[0m
[32m[I 2021-04-08 23:12:36,012][0m Trial 23 finished with value: 0.45043699238712875 and parameters: {'num_leaves': 161, 'min_child_samples': 123, 'subsample': 0.9005195438027374, 'subsample_freq': 13}. Best is trial 22 with value: 0.45548497208479644.[0m
[32m[I 2021-04-08 23:12:59,858][0m Trial 24 finished with value: 0.4528356847619932 and parameters: {'num_leaves': 112, 'min_child_samples': 142, 'subsample': 0.9784619750375242, 'subsample_freq': 21}. Best is trial 22 with value: 0.45548497208479644.[0m
[32m[I 2021-04-08 23:13:21,635][0m Trial 25 finished with value: 0.436632778764994 and parameters: {'num_leaves': 83, 'min_child_samples': 2, 'subsample': 0.7370585362627047, 'subsample_freq': 10}. Best is trial 22 with value: 0.45548497208479644.[0m
[32m[I 2021-04-08 23:13:43,113][0m Trial 26 finished with value: 0.44114530627544235 and parameters: {'num_leaves': 223, 'min_child_samples': 45, 'subsample': 0.6332815888536532, 'subsample_freq': 37}. Best is trial 22 with value: 0.45548497208479644.[0m
[32m[I 2021-04-08 23:14:06,502][0m Trial 27 finished with value: 0.4507418416549244 and parameters: {'num_leaves': 127, 'min_child_samples': 95, 'subsample': 0.99934713982949, 'subsample_freq': 56}. Best is trial 22 with value: 0.45548497208479644.[0m
[32m[I 2021-04-08 23:14:29,165][0m Trial 28 finished with value: 0.45095494559358756 and parameters: {'num_leaves': 46, 'min_child_samples': 107, 'subsample': 0.931569375934364, 'subsample_freq': 21}. Best is trial 22 with value: 0.45548497208479644.[0m
[32m[I 2021-04-08 23:14:49,811][0m Trial 29 finished with value: 0.4439090272860125 and parameters: {'num_leaves': 169, 'min_child_samples': 189, 'subsample': 0.8010706648701591, 'subsample_freq': 70}. Best is trial 22 with value: 0.45548497208479644.[0m
[32m[I 2021-04-08 23:15:10,198][0m Trial 30 finished with value: 0.4534704875441019 and parameters: {'num_leaves': 95, 'min_child_samples': 120, 'subsample': 0.5243872153691553, 'subsample_freq': 1}. Best is trial 22 with value: 0.45548497208479644.[0m
[32m[I 2021-04-08 23:15:30,334][0m Trial 31 finished with value: 0.4488799552712933 and parameters: {'num_leaves': 100, 'min_child_samples': 115, 'subsample': 0.4881833256848837, 'subsample_freq': 2}. Best is trial 22 with value: 0.45548497208479644.[0m
[32m[I 2021-04-08 23:15:47,918][0m Trial 32 finished with value: 0.43506564333118425 and parameters: {'num_leaves': 75, 'min_child_samples': 150, 'subsample': 0.41368965948348174, 'subsample_freq': 9}. Best is trial 22 with value: 0.45548497208479644.[0m
[32m[I 2021-04-08 23:16:06,455][0m Trial 33 finished with value: 0.43925512856753535 and parameters: {'num_leaves': 137, 'min_child_samples': 123, 'subsample': 0.5273224284445996, 'subsample_freq': 15}. Best is trial 22 with value: 0.45548497208479644.[0m
[32m[I 2021-04-08 23:16:23,065][0m Trial 34 finished with value: 0.4282599708348013 and parameters: {'num_leaves': 38, 'min_child_samples': 163, 'subsample': 0.33565783026770857, 'subsample_freq': 4}. Best is trial 22 with value: 0.45548497208479644.[0m
[32m[I 2021-04-08 23:16:39,869][0m Trial 35 finished with value: 0.42842496587424367 and parameters: {'num_leaves': 61, 'min_child_samples': 182, 'subsample': 0.5533974221593246, 'subsample_freq': 27}. Best is trial 22 with value: 0.45548497208479644.[0m
[32m[I 2021-04-08 23:17:01,551][0m Trial 36 finished with value: 0.45242960378587316 and parameters: {'num_leaves': 92, 'min_child_samples': 83, 'subsample': 0.35606904563721264, 'subsample_freq': 1}. Best is trial 22 with value: 0.45548497208479644.[0m
[32m[I 2021-04-08 23:17:22,648][0m Trial 37 finished with value: 0.44261267019951617 and parameters: {'num_leaves': 119, 'min_child_samples': 63, 'subsample': 0.6639091316290442, 'subsample_freq': 33}. Best is trial 22 with value: 0.45548497208479644.[0m
[32m[I 2021-04-08 23:17:41,099][0m Trial 38 finished with value: 0.44019022628174226 and parameters: {'num_leaves': 23, 'min_child_samples': 103, 'subsample': 0.6618827252842986, 'subsample_freq': 82}. Best is trial 22 with value: 0.45548497208479644.[0m
[32m[I 2021-04-08 23:18:00,675][0m Trial 39 finished with value: 0.44583443663720823 and parameters: {'num_leaves': 144, 'min_child_samples': 138, 'subsample': 0.5872395561608811, 'subsample_freq': 8}. Best is trial 22 with value: 0.45548497208479644.[0m
[32m[I 2021-04-08 23:18:14,724][0m Trial 40 finished with value: 0.3784359160929066 and parameters: {'num_leaves': 110, 'min_child_samples': 121, 'subsample': 0.20028882943601017, 'subsample_freq': 24}. Best is trial 22 with value: 0.45548497208479644.[0m
[32m[I 2021-04-08 23:18:38,229][0m Trial 41 finished with value: 0.4519423034956042 and parameters: {'num_leaves': 114, 'min_child_samples': 147, 'subsample': 0.9490442939993166, 'subsample_freq': 20}. Best is trial 22 with value: 0.45548497208479644.[0m
[32m[I 2021-04-08 23:18:59,639][0m Trial 42 finished with value: 0.44792227453398803 and parameters: {'num_leaves': 154, 'min_child_samples': 137, 'subsample': 0.8762157531351042, 'subsample_freq': 53}. Best is trial 22 with value: 0.45548497208479644.[0m
[32m[I 2021-04-08 23:19:22,212][0m Trial 43 finished with value: 0.45085632634053363 and parameters: {'num_leaves': 125, 'min_child_samples': 100, 'subsample': 0.8959793096907246, 'subsample_freq': 14}. Best is trial 22 with value: 0.45548497208479644.[0m
[32m[I 2021-04-08 23:19:44,401][0m Trial 44 finished with value: 0.4525526406482556 and parameters: {'num_leaves': 80, 'min_child_samples': 154, 'subsample': 0.9997562939174411, 'subsample_freq': 1}. Best is trial 22 with value: 0.45548497208479644.[0m
[32m[I 2021-04-08 23:20:02,298][0m Trial 45 finished with value: 0.4324332841890355 and parameters: {'num_leaves': 94, 'min_child_samples': 172, 'subsample': 0.4976543396354648, 'subsample_freq': 33}. Best is trial 22 with value: 0.45548497208479644.[0m
[32m[I 2021-04-08 23:20:25,108][0m Trial 46 finished with value: 0.4494024112293076 and parameters: {'num_leaves': 175, 'min_child_samples': 86, 'subsample': 0.9463277404696931, 'subsample_freq': 18}. Best is trial 22 with value: 0.45548497208479644.[0m
[32m[I 2021-04-08 23:20:43,673][0m Trial 47 finished with value: 0.4382280211075701 and parameters: {'num_leaves': 196, 'min_child_samples': 131, 'subsample': 0.4486353035571732, 'subsample_freq': 8}. Best is trial 22 with value: 0.45548497208479644.[0m
[32m[I 2021-04-08 23:21:05,425][0m Trial 48 finished with value: 0.4471841959569402 and parameters: {'num_leaves': 64, 'min_child_samples': 77, 'subsample': 0.8387675151637141, 'subsample_freq': 24}. Best is trial 22 with value: 0.45548497208479644.[0m
[32m[I 2021-04-08 23:21:26,010][0m Trial 49 finished with value: 0.4433483590281752 and parameters: {'num_leaves': 52, 'min_child_samples': 116, 'subsample': 0.7787558052830843, 'subsample_freq': 60}. Best is trial 22 with value: 0.45548497208479644.[0m