[32m[I 2021-04-08 21:55:45,900][0m A new study created in memory with name: no-name-8fd64ae3-bbf5-4de4-a5e3-82ba9ecc6348[0m
[32m[I 2021-04-08 21:56:03,948][0m Trial 0 finished with value: 0.44932226306166834 and parameters: {'num_leaves': 15, 'min_child_samples': 97, 'subsample': 0.4111648076230323, 'subsample_freq': 77}. Best is trial 0 with value: 0.44932226306166834.[0m
[32m[I 2021-04-08 21:56:25,300][0m Trial 1 finished with value: 0.44332706112917064 and parameters: {'num_leaves': 153, 'min_child_samples': 16, 'subsample': 0.805807817044446, 'subsample_freq': 44}. Best is trial 0 with value: 0.44932226306166834.[0m
[32m[I 2021-04-08 21:56:43,965][0m Trial 2 finished with value: 0.45388386221445065 and parameters: {'num_leaves': 57, 'min_child_samples': 138, 'subsample': 0.6309647583805162, 'subsample_freq': 99}. Best is trial 2 with value: 0.45388386221445065.[0m
[32m[I 2021-04-08 21:57:04,414][0m Trial 3 finished with value: 0.45642743815090325 and parameters: {'num_leaves': 227, 'min_child_samples': 58, 'subsample': 0.6655926802863427, 'subsample_freq': 88}. Best is trial 3 with value: 0.45642743815090325.[0m
[32m[I 2021-04-08 21:57:24,071][0m Trial 4 finished with value: 0.45829354726469684 and parameters: {'num_leaves': 230, 'min_child_samples': 180, 'subsample': 0.6966591926824666, 'subsample_freq': 62}. Best is trial 4 with value: 0.45829354726469684.[0m
[32m[I 2021-04-08 21:57:38,747][0m Trial 5 finished with value: 0.414296885842396 and parameters: {'num_leaves': 76, 'min_child_samples': 121, 'subsample': 0.22902119575264007, 'subsample_freq': 53}. Best is trial 4 with value: 0.45829354726469684.[0m
[32m[I 2021-04-08 21:57:58,959][0m Trial 6 finished with value: 0.4606591667252206 and parameters: {'num_leaves': 198, 'min_child_samples': 114, 'subsample': 0.7123596758324486, 'subsample_freq': 76}. Best is trial 6 with value: 0.4606591667252206.[0m
[32m[I 2021-04-08 21:58:18,231][0m Trial 7 finished with value: 0.4532713864954701 and parameters: {'num_leaves': 125, 'min_child_samples': 167, 'subsample': 0.6817954627819725, 'subsample_freq': 99}. Best is trial 6 with value: 0.4606591667252206.[0m
[32m[I 2021-04-08 21:58:32,694][0m Trial 8 finished with value: 0.43036409202629394 and parameters: {'num_leaves': 10, 'min_child_samples': 46, 'subsample': 0.3219230236081172, 'subsample_freq': 37}. Best is trial 6 with value: 0.4606591667252206.[0m
[32m[I 2021-04-08 21:58:53,787][0m Trial 9 finished with value: 0.4625408613101289 and parameters: {'num_leaves': 49, 'min_child_samples': 133, 'subsample': 0.9140444975115236, 'subsample_freq': 16}. Best is trial 9 with value: 0.4625408613101289.[0m
[32m[I 2021-04-08 21:59:15,807][0m Trial 10 finished with value: 0.4672282445963045 and parameters: {'num_leaves': 56, 'min_child_samples': 82, 'subsample': 0.9727149388266971, 'subsample_freq': 6}. Best is trial 10 with value: 0.4672282445963045.[0m
[32m[I 2021-04-08 21:59:39,785][0m Trial 11 finished with value: 0.46703331680871496 and parameters: {'num_leaves': 66, 'min_child_samples': 78, 'subsample': 0.9946154515144368, 'subsample_freq': 2}. Best is trial 10 with value: 0.4672282445963045.[0m
[32m[I 2021-04-08 21:59:59,864][0m Trial 12 finished with value: 0.46397574975016953 and parameters: {'num_leaves': 104, 'min_child_samples': 75, 'subsample': 0.9714268524308817, 'subsample_freq': 1}. Best is trial 10 with value: 0.4672282445963045.[0m
[32m[I 2021-04-08 22:00:19,472][0m Trial 13 finished with value: 0.45769996903618304 and parameters: {'num_leaves': 85, 'min_child_samples': 17, 'subsample': 0.9980068684044049, 'subsample_freq': 1}. Best is trial 10 with value: 0.4672282445963045.[0m
[32m[I 2021-04-08 22:00:38,563][0m Trial 14 finished with value: 0.46284447247939414 and parameters: {'num_leaves': 37, 'min_child_samples': 83, 'subsample': 0.8622724823900701, 'subsample_freq': 20}. Best is trial 10 with value: 0.4672282445963045.[0m
[32m[I 2021-04-08 22:00:57,290][0m Trial 15 finished with value: 0.45399176281874193 and parameters: {'num_leaves': 161, 'min_child_samples': 49, 'subsample': 0.5394163049949208, 'subsample_freq': 15}. Best is trial 10 with value: 0.4672282445963045.[0m
[32m[I 2021-04-08 22:01:13,224][0m Trial 16 finished with value: 0.43544696214849965 and parameters: {'num_leaves': 7, 'min_child_samples': 76, 'subsample': 0.8072622436986976, 'subsample_freq': 27}. Best is trial 10 with value: 0.4672282445963045.[0m
[32m[I 2021-04-08 22:01:35,219][0m Trial 17 finished with value: 0.45616466916929266 and parameters: {'num_leaves': 107, 'min_child_samples': 36, 'subsample': 0.9896498639452401, 'subsample_freq': 5}. Best is trial 10 with value: 0.4672282445963045.[0m
[32m[I 2021-04-08 22:01:52,316][0m Trial 18 finished with value: 0.4496189916778235 and parameters: {'num_leaves': 34, 'min_child_samples': 98, 'subsample': 0.512382486988409, 'subsample_freq': 29}. Best is trial 10 with value: 0.4672282445963045.[0m
[32m[I 2021-04-08 22:02:14,610][0m Trial 19 finished with value: 0.4637754645586619 and parameters: {'num_leaves': 80, 'min_child_samples': 154, 'subsample': 0.9181634871168409, 'subsample_freq': 5}. Best is trial 10 with value: 0.4672282445963045.[0m
[32m[I 2021-04-08 22:02:35,604][0m Trial 20 finished with value: 0.4635305570354655 and parameters: {'num_leaves': 64, 'min_child_samples': 62, 'subsample': 0.8189898012535483, 'subsample_freq': 13}. Best is trial 10 with value: 0.4672282445963045.[0m
[32m[I 2021-04-08 22:02:59,029][0m Trial 21 finished with value: 0.46357416474179053 and parameters: {'num_leaves': 105, 'min_child_samples': 79, 'subsample': 0.9900337140670142, 'subsample_freq': 2}. Best is trial 10 with value: 0.4672282445963045.[0m
[32m[I 2021-04-08 22:03:19,449][0m Trial 22 finished with value: 0.4650534799104717 and parameters: {'num_leaves': 102, 'min_child_samples': 70, 'subsample': 0.9260206514262173, 'subsample_freq': 1}. Best is trial 10 with value: 0.4672282445963045.[0m
[32m[I 2021-04-08 22:03:40,529][0m Trial 23 finished with value: 0.4505862569399185 and parameters: {'num_leaves': 142, 'min_child_samples': 33, 'subsample': 0.9070782931776264, 'subsample_freq': 10}. Best is trial 10 with value: 0.4672282445963045.[0m
[32m[I 2021-04-08 22:04:00,485][0m Trial 24 finished with value: 0.46020213965716394 and parameters: {'num_leaves': 124, 'min_child_samples': 108, 'subsample': 0.7585441669911115, 'subsample_freq': 25}. Best is trial 10 with value: 0.4672282445963045.[0m
[32m[I 2021-04-08 22:04:19,843][0m Trial 25 finished with value: 0.4635824523963256 and parameters: {'num_leaves': 33, 'min_child_samples': 89, 'subsample': 0.9396016322507886, 'subsample_freq': 36}. Best is trial 10 with value: 0.4672282445963045.[0m
[32m[I 2021-04-08 22:04:41,614][0m Trial 26 finished with value: 0.46207275434159883 and parameters: {'num_leaves': 93, 'min_child_samples': 64, 'subsample': 0.8713675303979508, 'subsample_freq': 6}. Best is trial 10 with value: 0.4672282445963045.[0m
[32m[I 2021-04-08 22:05:02,774][0m Trial 27 finished with value: 0.46009364007194725 and parameters: {'num_leaves': 68, 'min_child_samples': 32, 'subsample': 0.9984135268760755, 'subsample_freq': 21}. Best is trial 10 with value: 0.4672282445963045.[0m
[32m[I 2021-04-08 22:05:23,800][0m Trial 28 finished with value: 0.4611468618449931 and parameters: {'num_leaves': 175, 'min_child_samples': 93, 'subsample': 0.8445544316309922, 'subsample_freq': 9}. Best is trial 10 with value: 0.4672282445963045.[0m
[32m[I 2021-04-08 22:05:40,906][0m Trial 29 finished with value: 0.4553209829542846 and parameters: {'num_leaves': 20, 'min_child_samples': 102, 'subsample': 0.7541690444231007, 'subsample_freq': 33}. Best is trial 10 with value: 0.4672282445963045.[0m
[32m[I 2021-04-08 22:05:58,791][0m Trial 30 finished with value: 0.44087549815552574 and parameters: {'num_leaves': 47, 'min_child_samples': 5, 'subsample': 0.41380998331030894, 'subsample_freq': 63}. Best is trial 10 with value: 0.4672282445963045.[0m
[32m[I 2021-04-08 22:06:19,138][0m Trial 31 finished with value: 0.46666770864581764 and parameters: {'num_leaves': 105, 'min_child_samples': 74, 'subsample': 0.9397105169923714, 'subsample_freq': 1}. Best is trial 10 with value: 0.4672282445963045.[0m
[32m[I 2021-04-08 22:06:39,179][0m Trial 32 finished with value: 0.4645871143849935 and parameters: {'num_leaves': 114, 'min_child_samples': 67, 'subsample': 0.9417370858079598, 'subsample_freq': 1}. Best is trial 10 with value: 0.4672282445963045.[0m
[32m[I 2021-04-08 22:06:59,891][0m Trial 33 finished with value: 0.45920457829948946 and parameters: {'num_leaves': 95, 'min_child_samples': 54, 'subsample': 0.8840261592447937, 'subsample_freq': 13}. Best is trial 10 with value: 0.4672282445963045.[0m
[32m[I 2021-04-08 22:07:21,620][0m Trial 34 finished with value: 0.45736459267219054 and parameters: {'num_leaves': 143, 'min_child_samples': 73, 'subsample': 0.9497044960697354, 'subsample_freq': 19}. Best is trial 10 with value: 0.4672282445963045.[0m
[32m[I 2021-04-08 22:07:42,014][0m Trial 35 finished with value: 0.4635114849584614 and parameters: {'num_leaves': 65, 'min_child_samples': 87, 'subsample': 0.7817992995985581, 'subsample_freq': 9}. Best is trial 10 with value: 0.4672282445963045.[0m
[32m[I 2021-04-08 22:08:02,028][0m Trial 36 finished with value: 0.45900637010661277 and parameters: {'num_leaves': 87, 'min_child_samples': 119, 'subsample': 0.8350503401458242, 'subsample_freq': 48}. Best is trial 10 with value: 0.4672282445963045.[0m
[32m[I 2021-04-08 22:08:21,256][0m Trial 37 finished with value: 0.46432753386881737 and parameters: {'num_leaves': 56, 'min_child_samples': 44, 'subsample': 0.9998625860771585, 'subsample_freq': 1}. Best is trial 10 with value: 0.4672282445963045.[0m
[32m[I 2021-04-08 22:08:38,628][0m Trial 38 finished with value: 0.4536164578373481 and parameters: {'num_leaves': 252, 'min_child_samples': 134, 'subsample': 0.6097275860307352, 'subsample_freq': 23}. Best is trial 10 with value: 0.4672282445963045.[0m
[32m[I 2021-04-08 22:08:59,395][0m Trial 39 finished with value: 0.4584898947721364 and parameters: {'num_leaves': 120, 'min_child_samples': 103, 'subsample': 0.8901865789179464, 'subsample_freq': 83}. Best is trial 10 with value: 0.4672282445963045.[0m
[32m[I 2021-04-08 22:09:22,602][0m Trial 40 finished with value: 0.4578132008761292 and parameters: {'num_leaves': 140, 'min_child_samples': 59, 'subsample': 0.9453954110303845, 'subsample_freq': 58}. Best is trial 10 with value: 0.4672282445963045.[0m
[32m[I 2021-04-08 22:09:43,320][0m Trial 41 finished with value: 0.46408460134677243 and parameters: {'num_leaves': 114, 'min_child_samples': 67, 'subsample': 0.9585446991783655, 'subsample_freq': 1}. Best is trial 10 with value: 0.4672282445963045.[0m
[32m[I 2021-04-08 22:10:05,495][0m Trial 42 finished with value: 0.46375903757988735 and parameters: {'num_leaves': 75, 'min_child_samples': 68, 'subsample': 0.9348203142941086, 'subsample_freq': 7}. Best is trial 10 with value: 0.4672282445963045.[0m
[32m[I 2021-04-08 22:10:27,200][0m Trial 43 finished with value: 0.4692340703721577 and parameters: {'num_leaves': 101, 'min_child_samples': 197, 'subsample': 0.8905870902044695, 'subsample_freq': 1}. Best is trial 43 with value: 0.4692340703721577.[0m
[32m[I 2021-04-08 22:10:46,453][0m Trial 44 finished with value: 0.4608857043952961 and parameters: {'num_leaves': 100, 'min_child_samples': 185, 'subsample': 0.8902354461654161, 'subsample_freq': 12}. Best is trial 43 with value: 0.4692340703721577.[0m
[32m[I 2021-04-08 22:11:07,559][0m Trial 45 finished with value: 0.4618434972131572 and parameters: {'num_leaves': 76, 'min_child_samples': 200, 'subsample': 0.8596495246396528, 'subsample_freq': 5}. Best is trial 43 with value: 0.4692340703721577.[0m
[32m[I 2021-04-08 22:11:28,551][0m Trial 46 finished with value: 0.46519651816845825 and parameters: {'num_leaves': 51, 'min_child_samples': 89, 'subsample': 0.9752664416254131, 'subsample_freq': 16}. Best is trial 43 with value: 0.4692340703721577.[0m
[32m[I 2021-04-08 22:11:49,342][0m Trial 47 finished with value: 0.46704782733947814 and parameters: {'num_leaves': 20, 'min_child_samples': 113, 'subsample': 0.998855383667701, 'subsample_freq': 20}. Best is trial 43 with value: 0.4692340703721577.[0m
[32m[I 2021-04-08 22:12:03,487][0m Trial 48 finished with value: 0.4045202974444709 and parameters: {'num_leaves': 19, 'min_child_samples': 151, 'subsample': 0.2305940704377905, 'subsample_freq': 17}. Best is trial 43 with value: 0.4692340703721577.[0m
[32m[I 2021-04-08 22:12:26,723][0m Trial 49 finished with value: 0.46912355043981646 and parameters: {'num_leaves': 40, 'min_child_samples': 124, 'subsample': 0.9962393546438808, 'subsample_freq': 10}. Best is trial 43 with value: 0.4692340703721577.[0m
[32m[I 2021-04-08 22:12:39,349][0m A new study created in memory with name: no-name-193cfb59-d2d1-4a27-bac8-55e01ba83fe3[0m
[32m[I 2021-04-08 22:12:55,202][0m Trial 0 finished with value: 0.405581016794863 and parameters: {'num_leaves': 20, 'min_child_samples': 154, 'subsample': 0.2853867949588761, 'subsample_freq': 57}. Best is trial 0 with value: 0.405581016794863.[0m
[32m[I 2021-04-08 22:13:20,834][0m Trial 1 finished with value: 0.4403483303863053 and parameters: {'num_leaves': 33, 'min_child_samples': 158, 'subsample': 0.838639138028181, 'subsample_freq': 34}. Best is trial 1 with value: 0.4403483303863053.[0m
[32m[I 2021-04-08 22:13:40,396][0m Trial 2 finished with value: 0.4348009035105519 and parameters: {'num_leaves': 237, 'min_child_samples': 177, 'subsample': 0.6008503081049695, 'subsample_freq': 45}. Best is trial 1 with value: 0.4403483303863053.[0m
[32m[I 2021-04-08 22:14:01,172][0m Trial 3 finished with value: 0.44240173973548746 and parameters: {'num_leaves': 32, 'min_child_samples': 126, 'subsample': 0.8178846246060991, 'subsample_freq': 14}. Best is trial 3 with value: 0.44240173973548746.[0m
[32m[I 2021-04-08 22:14:23,443][0m Trial 4 finished with value: 0.44288698343812916 and parameters: {'num_leaves': 210, 'min_child_samples': 154, 'subsample': 0.7746387588509547, 'subsample_freq': 30}. Best is trial 4 with value: 0.44288698343812916.[0m
[32m[I 2021-04-08 22:14:42,652][0m Trial 5 finished with value: 0.4345722138969162 and parameters: {'num_leaves': 51, 'min_child_samples': 29, 'subsample': 0.5571604081251251, 'subsample_freq': 64}. Best is trial 4 with value: 0.44288698343812916.[0m
[32m[I 2021-04-08 22:15:04,588][0m Trial 6 finished with value: 0.4420741047353716 and parameters: {'num_leaves': 145, 'min_child_samples': 177, 'subsample': 0.8712321488274997, 'subsample_freq': 53}. Best is trial 4 with value: 0.44288698343812916.[0m
[32m[I 2021-04-08 22:15:25,272][0m Trial 7 finished with value: 0.4100775043235835 and parameters: {'num_leaves': 90, 'min_child_samples': 5, 'subsample': 0.4325327984563123, 'subsample_freq': 72}. Best is trial 4 with value: 0.44288698343812916.[0m
[32m[I 2021-04-08 22:15:47,171][0m Trial 8 finished with value: 0.4424631554685754 and parameters: {'num_leaves': 138, 'min_child_samples': 122, 'subsample': 0.8458119227638747, 'subsample_freq': 25}. Best is trial 4 with value: 0.44288698343812916.[0m
[32m[I 2021-04-08 22:16:10,674][0m Trial 9 finished with value: 0.42340004545802 and parameters: {'num_leaves': 165, 'min_child_samples': 13, 'subsample': 0.9946942844920967, 'subsample_freq': 55}. Best is trial 4 with value: 0.44288698343812916.[0m
[32m[I 2021-04-08 22:16:31,094][0m Trial 10 finished with value: 0.4340770975589868 and parameters: {'num_leaves': 247, 'min_child_samples': 63, 'subsample': 0.6700473285832305, 'subsample_freq': 92}. Best is trial 4 with value: 0.44288698343812916.[0m
[32m[I 2021-04-08 22:16:56,201][0m Trial 11 finished with value: 0.44354113302412124 and parameters: {'num_leaves': 189, 'min_child_samples': 101, 'subsample': 0.9733925422176319, 'subsample_freq': 3}. Best is trial 11 with value: 0.44354113302412124.[0m
[32m[I 2021-04-08 22:17:19,894][0m Trial 12 finished with value: 0.4390185097157606 and parameters: {'num_leaves': 206, 'min_child_samples': 84, 'subsample': 0.9667896403951731, 'subsample_freq': 3}. Best is trial 11 with value: 0.44354113302412124.[0m
[32m[I 2021-04-08 22:17:41,687][0m Trial 13 finished with value: 0.45102692170448533 and parameters: {'num_leaves': 194, 'min_child_samples': 104, 'subsample': 0.7430662962112523, 'subsample_freq': 1}. Best is trial 13 with value: 0.45102692170448533.[0m
[32m[I 2021-04-08 22:18:03,317][0m Trial 14 finished with value: 0.44123632290817855 and parameters: {'num_leaves': 187, 'min_child_samples': 70, 'subsample': 0.7037583992797899, 'subsample_freq': 7}. Best is trial 13 with value: 0.45102692170448533.[0m
[32m[I 2021-04-08 22:18:25,276][0m Trial 15 finished with value: 0.4457177390441326 and parameters: {'num_leaves': 103, 'min_child_samples': 108, 'subsample': 0.9824992464476834, 'subsample_freq': 1}. Best is trial 13 with value: 0.45102692170448533.[0m
[32m[I 2021-04-08 22:18:44,070][0m Trial 16 finished with value: 0.43039568999206584 and parameters: {'num_leaves': 99, 'min_child_samples': 116, 'subsample': 0.5079348066792893, 'subsample_freq': 17}. Best is trial 13 with value: 0.45102692170448533.[0m
[32m[I 2021-04-08 22:19:06,895][0m Trial 17 finished with value: 0.43810414304201384 and parameters: {'num_leaves': 93, 'min_child_samples': 42, 'subsample': 0.9265738874812116, 'subsample_freq': 95}. Best is trial 13 with value: 0.45102692170448533.[0m
[32m[I 2021-04-08 22:19:27,838][0m Trial 18 finished with value: 0.441201063486483 and parameters: {'num_leaves': 117, 'min_child_samples': 87, 'subsample': 0.7032701875102102, 'subsample_freq': 18}. Best is trial 13 with value: 0.45102692170448533.[0m
[32m[I 2021-04-08 22:19:45,399][0m Trial 19 finished with value: 0.42418601008779583 and parameters: {'num_leaves': 64, 'min_child_samples': 105, 'subsample': 0.36503160590443806, 'subsample_freq': 40}. Best is trial 13 with value: 0.45102692170448533.[0m
[32m[I 2021-04-08 22:20:08,947][0m Trial 20 finished with value: 0.44195449763907424 and parameters: {'num_leaves': 149, 'min_child_samples': 135, 'subsample': 0.7451463950428859, 'subsample_freq': 81}. Best is trial 13 with value: 0.45102692170448533.[0m
[32m[I 2021-04-08 22:20:30,754][0m Trial 21 finished with value: 0.4464183270834253 and parameters: {'num_leaves': 178, 'min_child_samples': 93, 'subsample': 0.9208736805031862, 'subsample_freq': 1}. Best is trial 13 with value: 0.45102692170448533.[0m
[32m[I 2021-04-08 22:20:55,232][0m Trial 22 finished with value: 0.4450846571472673 and parameters: {'num_leaves': 166, 'min_child_samples': 87, 'subsample': 0.916564528162231, 'subsample_freq': 2}. Best is trial 13 with value: 0.45102692170448533.[0m
[32m[I 2021-04-08 22:21:17,247][0m Trial 23 finished with value: 0.43193564751347385 and parameters: {'num_leaves': 224, 'min_child_samples': 52, 'subsample': 0.9046250725411845, 'subsample_freq': 11}. Best is trial 13 with value: 0.45102692170448533.[0m
[32m[I 2021-04-08 22:21:39,813][0m Trial 24 finished with value: 0.44874007118576664 and parameters: {'num_leaves': 177, 'min_child_samples': 138, 'subsample': 0.9966364108122118, 'subsample_freq': 1}. Best is trial 13 with value: 0.45102692170448533.[0m
[32m[I 2021-04-08 22:22:00,357][0m Trial 25 finished with value: 0.4382092347813028 and parameters: {'num_leaves': 187, 'min_child_samples': 77, 'subsample': 0.7886808863507649, 'subsample_freq': 20}. Best is trial 13 with value: 0.45102692170448533.[0m
[32m[I 2021-04-08 22:22:20,722][0m Trial 26 finished with value: 0.43962343460484893 and parameters: {'num_leaves': 167, 'min_child_samples': 137, 'subsample': 0.6445500934006331, 'subsample_freq': 11}. Best is trial 13 with value: 0.45102692170448533.[0m
[32m[I 2021-04-08 22:22:41,777][0m Trial 27 finished with value: 0.44007234820208396 and parameters: {'num_leaves': 256, 'min_child_samples': 193, 'subsample': 0.8811756447646766, 'subsample_freq': 25}. Best is trial 13 with value: 0.45102692170448533.[0m
[32m[I 2021-04-08 22:23:02,533][0m Trial 28 finished with value: 0.43827148216339856 and parameters: {'num_leaves': 206, 'min_child_samples': 137, 'subsample': 0.7477391746568598, 'subsample_freq': 9}. Best is trial 13 with value: 0.45102692170448533.[0m
[32m[I 2021-04-08 22:23:25,209][0m Trial 29 finished with value: 0.44285796500950686 and parameters: {'num_leaves': 227, 'min_child_samples': 159, 'subsample': 0.9406595839316438, 'subsample_freq': 23}. Best is trial 13 with value: 0.45102692170448533.[0m
[32m[I 2021-04-08 22:23:47,725][0m Trial 30 finished with value: 0.4444895525674905 and parameters: {'num_leaves': 172, 'min_child_samples': 92, 'subsample': 0.9905689691151196, 'subsample_freq': 1}. Best is trial 13 with value: 0.45102692170448533.[0m
[32m[I 2021-04-08 22:24:09,986][0m Trial 31 finished with value: 0.44828434637377806 and parameters: {'num_leaves': 117, 'min_child_samples': 111, 'subsample': 0.9821262609367504, 'subsample_freq': 1}. Best is trial 13 with value: 0.45102692170448533.[0m
[32m[I 2021-04-08 22:24:31,019][0m Trial 32 finished with value: 0.44489523668918335 and parameters: {'num_leaves': 123, 'min_child_samples': 150, 'subsample': 0.9995814926443143, 'subsample_freq': 1}. Best is trial 13 with value: 0.45102692170448533.[0m
[32m[I 2021-04-08 22:24:52,092][0m Trial 33 finished with value: 0.4412937626470133 and parameters: {'num_leaves': 158, 'min_child_samples': 113, 'subsample': 0.8292620829936254, 'subsample_freq': 8}. Best is trial 13 with value: 0.45102692170448533.[0m
