[32m[I 2021-04-08 22:25:08,257][0m Trial 34 finished with value: 0.40854886082773634 and parameters: {'num_leaves': 181, 'min_child_samples': 100, 'subsample': 0.2417830730242861, 'subsample_freq': 32}. Best is trial 13 with value: 0.45102692170448533.[0m
[32m[I 2021-04-08 22:25:31,003][0m Trial 35 finished with value: 0.4400413365086546 and parameters: {'num_leaves': 130, 'min_child_samples': 126, 'subsample': 0.8872393336396104, 'subsample_freq': 13}. Best is trial 13 with value: 0.45102692170448533.[0m
[32m[I 2021-04-08 22:25:52,376][0m Trial 36 finished with value: 0.43707532639807667 and parameters: {'num_leaves': 200, 'min_child_samples': 169, 'subsample': 0.7878847235964105, 'subsample_freq': 40}. Best is trial 13 with value: 0.45102692170448533.[0m
[32m[I 2021-04-08 22:26:16,245][0m Trial 37 finished with value: 0.4450934332419954 and parameters: {'num_leaves': 77, 'min_child_samples': 146, 'subsample': 0.8498510334636182, 'subsample_freq': 6}. Best is trial 13 with value: 0.45102692170448533.[0m
[32m[I 2021-04-08 22:26:36,023][0m Trial 38 finished with value: 0.437918409533799 and parameters: {'num_leaves': 221, 'min_child_samples': 123, 'subsample': 0.5620015863984832, 'subsample_freq': 16}. Best is trial 13 with value: 0.45102692170448533.[0m
[32m[I 2021-04-08 22:26:56,534][0m Trial 39 finished with value: 0.44218850840676394 and parameters: {'num_leaves': 12, 'min_child_samples': 63, 'subsample': 0.9504781425983543, 'subsample_freq': 1}. Best is trial 13 with value: 0.45102692170448533.[0m
[32m[I 2021-04-08 22:27:18,623][0m Trial 40 finished with value: 0.4376609141387865 and parameters: {'num_leaves': 112, 'min_child_samples': 96, 'subsample': 0.8158793116690907, 'subsample_freq': 60}. Best is trial 13 with value: 0.45102692170448533.[0m
[32m[I 2021-04-08 22:27:41,885][0m Trial 41 finished with value: 0.4426904032252292 and parameters: {'num_leaves': 152, 'min_child_samples': 116, 'subsample': 0.9508763095973263, 'subsample_freq': 5}. Best is trial 13 with value: 0.45102692170448533.[0m
[32m[I 2021-04-08 22:28:03,669][0m Trial 42 finished with value: 0.4415462683900267 and parameters: {'num_leaves': 108, 'min_child_samples': 113, 'subsample': 0.9058908520930152, 'subsample_freq': 13}. Best is trial 13 with value: 0.45102692170448533.[0m
[32m[I 2021-04-08 22:28:28,183][0m Trial 43 finished with value: 0.44295789235242966 and parameters: {'num_leaves': 134, 'min_child_samples': 104, 'subsample': 0.9852231299910831, 'subsample_freq': 6}. Best is trial 13 with value: 0.45102692170448533.[0m
[32m[I 2021-04-08 22:28:50,435][0m Trial 44 finished with value: 0.44516713847294553 and parameters: {'num_leaves': 143, 'min_child_samples': 107, 'subsample': 0.9988497387589598, 'subsample_freq': 1}. Best is trial 13 with value: 0.45102692170448533.[0m
[32m[I 2021-04-08 22:29:13,356][0m Trial 45 finished with value: 0.44174165123021664 and parameters: {'num_leaves': 81, 'min_child_samples': 130, 'subsample': 0.8635105194295458, 'subsample_freq': 21}. Best is trial 13 with value: 0.45102692170448533.[0m
[32m[I 2021-04-08 22:29:37,666][0m Trial 46 finished with value: 0.4460405833642603 and parameters: {'num_leaves': 176, 'min_child_samples': 146, 'subsample': 0.999054984987227, 'subsample_freq': 27}. Best is trial 13 with value: 0.45102692170448533.[0m
[32m[I 2021-04-08 22:29:57,387][0m Trial 47 finished with value: 0.4332122886945293 and parameters: {'num_leaves': 195, 'min_child_samples': 163, 'subsample': 0.6042036364663504, 'subsample_freq': 48}. Best is trial 13 with value: 0.45102692170448533.[0m
[32m[I 2021-04-08 22:30:22,529][0m Trial 48 finished with value: 0.44280430213770927 and parameters: {'num_leaves': 181, 'min_child_samples': 144, 'subsample': 0.9333340580101444, 'subsample_freq': 29}. Best is trial 13 with value: 0.45102692170448533.[0m
[32m[I 2021-04-08 22:30:46,061][0m Trial 49 finished with value: 0.44077057562235994 and parameters: {'num_leaves': 214, 'min_child_samples': 76, 'subsample': 0.9647037549496251, 'subsample_freq': 38}. Best is trial 13 with value: 0.45102692170448533.[0m
[32m[I 2021-04-08 22:30:59,570][0m A new study created in memory with name: no-name-b1aa914a-48ff-4ad8-98aa-73bb6d3dfff9[0m
[32m[I 2021-04-08 22:31:19,414][0m Trial 0 finished with value: 0.4314918406805683 and parameters: {'num_leaves': 244, 'min_child_samples': 25, 'subsample': 0.5772622631622372, 'subsample_freq': 60}. Best is trial 0 with value: 0.4314918406805683.[0m
[32m[I 2021-04-08 22:31:34,159][0m Trial 1 finished with value: 0.4249505158590144 and parameters: {'num_leaves': 173, 'min_child_samples': 162, 'subsample': 0.43111188657636457, 'subsample_freq': 70}. Best is trial 0 with value: 0.4314918406805683.[0m
[32m[I 2021-04-08 22:31:48,702][0m Trial 2 finished with value: 0.4169924776702807 and parameters: {'num_leaves': 165, 'min_child_samples': 45, 'subsample': 0.24986082993981143, 'subsample_freq': 89}. Best is trial 0 with value: 0.4314918406805683.[0m
[32m[I 2021-04-08 22:32:05,558][0m Trial 3 finished with value: 0.43326888729956725 and parameters: {'num_leaves': 188, 'min_child_samples': 47, 'subsample': 0.4162344073300152, 'subsample_freq': 83}. Best is trial 3 with value: 0.43326888729956725.[0m
[32m[I 2021-04-08 22:32:19,510][0m Trial 4 finished with value: 0.380511033062947 and parameters: {'num_leaves': 3, 'min_child_samples': 152, 'subsample': 0.44899743144574933, 'subsample_freq': 51}. Best is trial 3 with value: 0.43326888729956725.[0m
[32m[I 2021-04-08 22:32:35,208][0m Trial 5 finished with value: 0.43568048584796737 and parameters: {'num_leaves': 74, 'min_child_samples': 119, 'subsample': 0.4955276769529781, 'subsample_freq': 27}. Best is trial 5 with value: 0.43568048584796737.[0m
[32m[I 2021-04-08 22:32:49,798][0m Trial 6 finished with value: 0.4307306390342136 and parameters: {'num_leaves': 238, 'min_child_samples': 105, 'subsample': 0.3704872081425766, 'subsample_freq': 42}. Best is trial 5 with value: 0.43568048584796737.[0m
[32m[I 2021-04-08 22:33:06,199][0m Trial 7 finished with value: 0.44394686760192636 and parameters: {'num_leaves': 18, 'min_child_samples': 56, 'subsample': 0.5588346265963289, 'subsample_freq': 64}. Best is trial 7 with value: 0.44394686760192636.[0m
[32m[I 2021-04-08 22:33:26,047][0m Trial 8 finished with value: 0.444775981132375 and parameters: {'num_leaves': 88, 'min_child_samples': 44, 'subsample': 0.7227577492484356, 'subsample_freq': 74}. Best is trial 8 with value: 0.444775981132375.[0m
[32m[I 2021-04-08 22:33:40,247][0m Trial 9 finished with value: 0.41639300662237855 and parameters: {'num_leaves': 140, 'min_child_samples': 200, 'subsample': 0.37130166090846006, 'subsample_freq': 59}. Best is trial 8 with value: 0.444775981132375.[0m
[32m[I 2021-04-08 22:33:58,757][0m Trial 10 finished with value: 0.43414893869526827 and parameters: {'num_leaves': 74, 'min_child_samples': 3, 'subsample': 0.831473641447693, 'subsample_freq': 100}. Best is trial 8 with value: 0.444775981132375.[0m
[32m[I 2021-04-08 22:34:13,989][0m Trial 11 finished with value: 0.37747932412061747 and parameters: {'num_leaves': 2, 'min_child_samples': 70, 'subsample': 0.7974043384056897, 'subsample_freq': 74}. Best is trial 8 with value: 0.444775981132375.[0m
[32m[I 2021-04-08 22:34:33,050][0m Trial 12 finished with value: 0.4509417523040743 and parameters: {'num_leaves': 60, 'min_child_samples': 75, 'subsample': 0.7041205630957234, 'subsample_freq': 40}. Best is trial 12 with value: 0.4509417523040743.[0m
[32m[I 2021-04-08 22:34:52,285][0m Trial 13 finished with value: 0.45344189430417314 and parameters: {'num_leaves': 76, 'min_child_samples': 88, 'subsample': 0.7146100001931273, 'subsample_freq': 5}. Best is trial 13 with value: 0.45344189430417314.[0m
[32m[I 2021-04-08 22:35:11,087][0m Trial 14 finished with value: 0.45592102668411166 and parameters: {'num_leaves': 47, 'min_child_samples': 84, 'subsample': 0.9273919124707557, 'subsample_freq': 10}. Best is trial 14 with value: 0.45592102668411166.[0m
[32m[I 2021-04-08 22:35:31,733][0m Trial 15 finished with value: 0.4584263660880027 and parameters: {'num_leaves': 37, 'min_child_samples': 130, 'subsample': 0.9878526933725835, 'subsample_freq': 3}. Best is trial 15 with value: 0.4584263660880027.[0m
[32m[I 2021-04-08 22:35:51,437][0m Trial 16 finished with value: 0.46177413152822416 and parameters: {'num_leaves': 36, 'min_child_samples': 133, 'subsample': 0.9759094835610911, 'subsample_freq': 1}. Best is trial 16 with value: 0.46177413152822416.[0m
[32m[I 2021-04-08 22:36:11,401][0m Trial 17 finished with value: 0.4562583396377785 and parameters: {'num_leaves': 34, 'min_child_samples': 142, 'subsample': 0.9875172967458494, 'subsample_freq': 17}. Best is trial 16 with value: 0.46177413152822416.[0m
[32m[I 2021-04-08 22:36:31,301][0m Trial 18 finished with value: 0.45832911527175746 and parameters: {'num_leaves': 108, 'min_child_samples': 182, 'subsample': 0.98782111098551, 'subsample_freq': 1}. Best is trial 16 with value: 0.46177413152822416.[0m
[32m[I 2021-04-08 22:36:50,730][0m Trial 19 finished with value: 0.4521395281807468 and parameters: {'num_leaves': 116, 'min_child_samples': 128, 'subsample': 0.8931986084039126, 'subsample_freq': 24}. Best is trial 16 with value: 0.46177413152822416.[0m
[32m[I 2021-04-08 22:37:10,119][0m Trial 20 finished with value: 0.4622859176952613 and parameters: {'num_leaves': 37, 'min_child_samples': 179, 'subsample': 0.8980567863848339, 'subsample_freq': 1}. Best is trial 20 with value: 0.4622859176952613.[0m
[32m[I 2021-04-08 22:37:29,564][0m Trial 21 finished with value: 0.4582779546312854 and parameters: {'num_leaves': 28, 'min_child_samples': 178, 'subsample': 0.9921221130501074, 'subsample_freq': 1}. Best is trial 20 with value: 0.4622859176952613.[0m
[32m[I 2021-04-08 22:37:48,713][0m Trial 22 finished with value: 0.45258948722044645 and parameters: {'num_leaves': 44, 'min_child_samples': 134, 'subsample': 0.8973597663223369, 'subsample_freq': 13}. Best is trial 20 with value: 0.4622859176952613.[0m
[32m[I 2021-04-08 22:38:04,346][0m Trial 23 finished with value: 0.3924018427410127 and parameters: {'num_leaves': 3, 'min_child_samples': 109, 'subsample': 0.8141718786698681, 'subsample_freq': 23}. Best is trial 20 with value: 0.4622859176952613.[0m
[32m[I 2021-04-08 22:38:21,853][0m Trial 24 finished with value: 0.4511172039354256 and parameters: {'num_leaves': 17, 'min_child_samples': 160, 'subsample': 0.9369173245409015, 'subsample_freq': 7}. Best is trial 20 with value: 0.4622859176952613.[0m
[32m[I 2021-04-08 22:38:39,853][0m Trial 25 finished with value: 0.4519836125987801 and parameters: {'num_leaves': 52, 'min_child_samples': 200, 'subsample': 0.8668150705168621, 'subsample_freq': 17}. Best is trial 20 with value: 0.4622859176952613.[0m
[32m[I 2021-04-08 22:38:59,209][0m Trial 26 finished with value: 0.4603057328835113 and parameters: {'num_leaves': 98, 'min_child_samples': 178, 'subsample': 0.9833036336061803, 'subsample_freq': 1}. Best is trial 20 with value: 0.4622859176952613.[0m
[32m[I 2021-04-08 22:39:15,780][0m Trial 27 finished with value: 0.4439249495165303 and parameters: {'num_leaves': 97, 'min_child_samples': 178, 'subsample': 0.7647505517164214, 'subsample_freq': 33}. Best is trial 20 with value: 0.4622859176952613.[0m
[32m[I 2021-04-08 22:39:31,006][0m Trial 28 finished with value: 0.4372553478448877 and parameters: {'num_leaves': 140, 'min_child_samples': 190, 'subsample': 0.6335853438820936, 'subsample_freq': 13}. Best is trial 20 with value: 0.4622859176952613.[0m
[32m[I 2021-04-08 22:39:50,632][0m Trial 29 finished with value: 0.4602330853976163 and parameters: {'num_leaves': 121, 'min_child_samples': 166, 'subsample': 0.9371098870281506, 'subsample_freq': 1}. Best is trial 20 with value: 0.4622859176952613.[0m
[32m[I 2021-04-08 22:40:08,486][0m Trial 30 finished with value: 0.45177775251172114 and parameters: {'num_leaves': 58, 'min_child_samples': 149, 'subsample': 0.8640687202998392, 'subsample_freq': 33}. Best is trial 20 with value: 0.4622859176952613.[0m
[32m[I 2021-04-08 22:40:29,410][0m Trial 31 finished with value: 0.4570864530321684 and parameters: {'num_leaves': 128, 'min_child_samples': 168, 'subsample': 0.937207139273938, 'subsample_freq': 2}. Best is trial 20 with value: 0.4622859176952613.[0m
[32m[I 2021-04-08 22:40:48,026][0m Trial 32 finished with value: 0.4527309336142073 and parameters: {'num_leaves': 166, 'min_child_samples': 166, 'subsample': 0.9417342076956441, 'subsample_freq': 9}. Best is trial 20 with value: 0.4622859176952613.[0m
[32m[I 2021-04-08 22:41:08,147][0m Trial 33 finished with value: 0.45349693795429447 and parameters: {'num_leaves': 196, 'min_child_samples': 191, 'subsample': 0.9891160866619055, 'subsample_freq': 19}. Best is trial 20 with value: 0.4622859176952613.[0m
[32m[I 2021-04-08 22:41:26,823][0m Trial 34 finished with value: 0.4618015016268021 and parameters: {'num_leaves': 153, 'min_child_samples': 159, 'subsample': 0.8418630425840854, 'subsample_freq': 1}. Best is trial 20 with value: 0.4622859176952613.[0m
[32m[I 2021-04-08 22:41:45,534][0m Trial 35 finished with value: 0.45038874595319156 and parameters: {'num_leaves': 153, 'min_child_samples': 146, 'subsample': 0.8434864472764548, 'subsample_freq': 8}. Best is trial 20 with value: 0.4622859176952613.[0m
[32m[I 2021-04-08 22:42:01,743][0m Trial 36 finished with value: 0.44517931955291684 and parameters: {'num_leaves': 189, 'min_child_samples': 156, 'subsample': 0.7780519939343865, 'subsample_freq': 14}. Best is trial 20 with value: 0.4622859176952613.[0m
[32m[I 2021-04-08 22:42:16,852][0m Trial 37 finished with value: 0.4268561858624177 and parameters: {'num_leaves': 206, 'min_child_samples': 139, 'subsample': 0.21830749864953997, 'subsample_freq': 1}. Best is trial 20 with value: 0.4622859176952613.[0m
[32m[I 2021-04-08 22:42:33,167][0m Trial 38 finished with value: 0.4480536172615285 and parameters: {'num_leaves': 94, 'min_child_samples': 125, 'subsample': 0.6685142062217299, 'subsample_freq': 7}. Best is trial 20 with value: 0.4622859176952613.[0m
[32m[I 2021-04-08 22:42:53,485][0m Trial 39 finished with value: 0.4542249230940529 and parameters: {'num_leaves': 148, 'min_child_samples': 116, 'subsample': 0.8824414586589908, 'subsample_freq': 28}. Best is trial 20 with value: 0.4622859176952613.[0m
[32m[I 2021-04-08 22:43:11,453][0m Trial 40 finished with value: 0.4518259964663466 and parameters: {'num_leaves': 226, 'min_child_samples': 185, 'subsample': 0.9606304001750525, 'subsample_freq': 21}. Best is trial 20 with value: 0.4622859176952613.[0m
[32m[I 2021-04-08 22:43:29,525][0m Trial 41 finished with value: 0.45910677668981636 and parameters: {'num_leaves': 124, 'min_child_samples': 169, 'subsample': 0.9086313533306657, 'subsample_freq': 1}. Best is trial 20 with value: 0.4622859176952613.[0m
[32m[I 2021-04-08 22:43:50,113][0m Trial 42 finished with value: 0.4533028635051469 and parameters: {'num_leaves': 106, 'min_child_samples': 174, 'subsample': 0.9679962036492283, 'subsample_freq': 12}. Best is trial 20 with value: 0.4622859176952613.[0m
[32m[I 2021-04-08 22:44:08,809][0m Trial 43 finished with value: 0.4549580394434403 and parameters: {'num_leaves': 180, 'min_child_samples': 156, 'subsample': 0.8316798511252737, 'subsample_freq': 5}. Best is trial 20 with value: 0.4622859176952613.[0m
[32m[I 2021-04-08 22:44:29,675][0m Trial 44 finished with value: 0.44335265180562217 and parameters: {'num_leaves': 71, 'min_child_samples': 195, 'subsample': 0.7554709077501414, 'subsample_freq': 86}. Best is trial 20 with value: 0.4622859176952613.[0m
[32m[I 2021-04-08 22:44:45,536][0m Trial 45 finished with value: 0.43548527595214354 and parameters: {'num_leaves': 86, 'min_child_samples': 161, 'subsample': 0.5591236539185842, 'subsample_freq': 96}. Best is trial 20 with value: 0.4622859176952613.[0m
[32m[I 2021-04-08 22:45:00,592][0m Trial 46 finished with value: 0.43446098039076153 and parameters: {'num_leaves': 17, 'min_child_samples': 148, 'subsample': 0.5114518156730511, 'subsample_freq': 48}. Best is trial 20 with value: 0.4622859176952613.[0m
[32m[I 2021-04-08 22:45:17,702][0m Trial 47 finished with value: 0.45867909899155174 and parameters: {'num_leaves': 160, 'min_child_samples': 172, 'subsample': 0.8688670895441519, 'subsample_freq': 1}. Best is trial 20 with value: 0.4622859176952613.[0m
[32m[I 2021-04-08 22:45:35,484][0m Trial 48 finished with value: 0.4532926894605384 and parameters: {'num_leaves': 134, 'min_child_samples': 184, 'subsample': 0.9167949300060187, 'subsample_freq': 6}. Best is trial 20 with value: 0.4622859176952613.[0m
[32m[I 2021-04-08 22:45:53,907][0m Trial 49 finished with value: 0.45287399359845626 and parameters: {'num_leaves': 173, 'min_child_samples': 140, 'subsample': 0.9518794023097118, 'subsample_freq': 15}. Best is trial 20 with value: 0.4622859176952613.[0m
[32m[I 2021-04-08 22:46:06,752][0m A new study created in memory with name: no-name-8b05ec3c-1f04-48e4-8543-ad5f490da637[0m
[32m[I 2021-04-08 22:46:30,599][0m Trial 0 finished with value: 0.4543299370151558 and parameters: {'num_leaves': 41, 'min_child_samples': 139, 'subsample': 0.8977774901836748, 'subsample_freq': 52}. Best is trial 0 with value: 0.4543299370151558.[0m
[32m[I 2021-04-08 22:46:51,938][0m Trial 1 finished with value: 0.4433868154313398 and parameters: {'num_leaves': 224, 'min_child_samples': 55, 'subsample': 0.7560329947868407, 'subsample_freq': 21}. Best is trial 0 with value: 0.4543299370151558.[0m
[32m[I 2021-04-08 22:47:12,910][0m Trial 2 finished with value: 0.4457682626032858 and parameters: {'num_leaves': 69, 'min_child_samples': 29, 'subsample': 0.8994410476682468, 'subsample_freq': 48}. Best is trial 0 with value: 0.4543299370151558.[0m
[32m[I 2021-04-08 22:47:34,121][0m Trial 3 finished with value: 0.439376349376575 and parameters: {'num_leaves': 67, 'min_child_samples': 6, 'subsample': 0.8441657811673637, 'subsample_freq': 56}. Best is trial 0 with value: 0.4543299370151558.[0m
[32m[I 2021-04-08 22:47:55,880][0m Trial 4 finished with value: 0.43534086876572164 and parameters: {'num_leaves': 90, 'min_child_samples': 23, 'subsample': 0.6928619783814143, 'subsample_freq': 87}. Best is trial 0 with value: 0.4543299370151558.[0m
[32m[I 2021-04-08 22:48:15,460][0m Trial 5 finished with value: 0.43863013062720546 and parameters: {'num_leaves': 254, 'min_child_samples': 84, 'subsample': 0.4710184543401143, 'subsample_freq': 77}. Best is trial 0 with value: 0.4543299370151558.[0m
[32m[I 2021-04-08 22:48:34,002][0m Trial 6 finished with value: 0.43069242557759946 and parameters: {'num_leaves': 188, 'min_child_samples': 97, 'subsample': 0.4239914812928439, 'subsample_freq': 56}. Best is trial 0 with value: 0.4543299370151558.[0m
[32m[I 2021-04-08 22:48:52,198][0m Trial 7 finished with value: 0.435070920379126 and parameters: {'num_leaves': 120, 'min_child_samples': 109, 'subsample': 0.37513475509369326, 'subsample_freq': 9}. Best is trial 0 with value: 0.4543299370151558.[0m
[32m[I 2021-04-08 22:49:09,409][0m Trial 8 finished with value: 0.4225933774555129 and parameters: {'num_leaves': 206, 'min_child_samples': 187, 'subsample': 0.3621169429587126, 'subsample_freq': 22}. Best is trial 0 with value: 0.4543299370151558.[0m
[32m[I 2021-04-08 22:49:31,095][0m Trial 9 finished with value: 0.4461062848884416 and parameters: {'num_leaves': 214, 'min_child_samples': 96, 'subsample': 0.6924509592861929, 'subsample_freq': 31}. Best is trial 0 with value: 0.4543299370151558.[0m
[32m[I 2021-04-08 22:49:50,129][0m Trial 10 finished with value: 0.37446293463912045 and parameters: {'num_leaves': 2, 'min_child_samples': 162, 'subsample': 0.9727668916383554, 'subsample_freq': 71}. Best is trial 0 with value: 0.4543299370151558.[0m
[32m[I 2021-04-08 22:50:08,378][0m Trial 11 finished with value: 0.4394279536264696 and parameters: {'num_leaves': 22, 'min_child_samples': 142, 'subsample': 0.599677768961141, 'subsample_freq': 36}. Best is trial 0 with value: 0.4543299370151558.[0m
[32m[I 2021-04-08 22:50:26,987][0m Trial 12 finished with value: 0.4368818214495905 and parameters: {'num_leaves': 171, 'min_child_samples': 133, 'subsample': 0.5912239479453688, 'subsample_freq': 35}. Best is trial 0 with value: 0.4543299370151558.[0m
[32m[I 2021-04-08 22:50:50,017][0m Trial 13 finished with value: 0.4437285694094758 and parameters: {'num_leaves': 151, 'min_child_samples': 72, 'subsample': 0.9851170787156933, 'subsample_freq': 42}. Best is trial 0 with value: 0.4543299370151558.[0m
[32m[I 2021-04-08 22:51:05,759][0m Trial 14 finished with value: 0.4212056762214358 and parameters: {'num_leaves': 246, 'min_child_samples': 121, 'subsample': 0.2221055258636217, 'subsample_freq': 4}. Best is trial 0 with value: 0.4543299370151558.[0m
[32m[I 2021-04-08 22:51:26,137][0m Trial 15 finished with value: 0.4455129877736357 and parameters: {'num_leaves': 32, 'min_child_samples': 171, 'subsample': 0.7404024296984044, 'subsample_freq': 24}. Best is trial 0 with value: 0.4543299370151558.[0m
[32m[I 2021-04-08 22:51:49,020][0m Trial 16 finished with value: 0.44813997334387956 and parameters: {'num_leaves': 120, 'min_child_samples': 141, 'subsample': 0.8624740506737522, 'subsample_freq': 65}. Best is trial 0 with value: 0.4543299370151558.[0m
[32m[I 2021-04-08 22:52:11,597][0m Trial 17 finished with value: 0.4495535158379746 and parameters: {'num_leaves': 108, 'min_child_samples': 196, 'subsample': 0.8564930890891942, 'subsample_freq': 65}. Best is trial 0 with value: 0.4543299370151558.[0m
